#
# A fatal error has been detected by the Java Runtime Environment:
#
#  EXCEPTION_IN_PAGE_ERROR (0xc0000006) at pc=0x01c4bd4f, pid=5808, tid=4904
#
# JRE version: 7.0_17-b02
# Java VM: Java HotSpot(TM) Server VM (23.7-b01 mixed mode windows-x86 )
# Problematic frame:
# J  org.springsource.loaded.ri.ReflectiveInterceptor.getRType(Ljava/lang/Class;)Lorg/springsource/loaded/ReloadableType;
#
# Failed to write core dump. Minidumps are not enabled by default on client versions of Windows
#
# If you would like to submit a bug report, please visit:
#   http://bugreport.sun.com/bugreport/crash.jsp
#

---------------  T H R E A D  ---------------

Current thread (0x48031000):  JavaThread "http-bio-8080-exec-8" daemon [_thread_in_Java, id=4904, stack(0x4ee60000,0x4eeb0000)]

siginfo: ExceptionCode=0xc0000006, ExceptionInformation=0x00000000 0x244acd88 0xc0000185 

Registers:
EAX=0x00000000, EBX=0x00000fc7, ECX=0x244acd80, EDX=0x0000111a
ESP=0x4eeae7a0, EBP=0x25180638, ESI=0x35a4130c, EDI=0x00000fc6
EIP=0x01c4bd4f, EFLAGS=0x00010293

Top of Stack: (sp=0x4eeae7a0)
0x4eeae7a0:   4eeae7bc 6177c356 4977e7e4 35a412c4
0x4eeae7b0:   48031000 35a411b0 24a47c60 35a41310
0x4eeae7c0:   00000024 00000021 35a412b8 48031000
0x4eeae7d0:   04fa3ac0 000000a3 4eeae834 00000fc7
0x4eeae7e0:   01902b48 00000001 00000007 4eeae834
0x4eeae7f0:   00000031 0190bff9 4eeae82c 0190361a
0x4eeae800:   4eeae864 0190361a 35a411b0 4eeae80c
0x4eeae810:   04bf9a69 4eeae840 04bff2e8 00000000 

Instructions: (pc=0x01c4bd4f)
0x01c4bd2f:   89 5c 24 0c 8b cd eb 15 66 0f 1f 84 00 00 00 00
0x01c4bd3f:   00 8b 7c 24 3c 8d 4c bd 04 89 5c 24 3c 8b 49 0c
0x01c4bd4f:   8b 79 08 3b 4c 24 1c 0f 84 8b 03 00 00 8b 4f 08
0x01c4bd5f:   3b 4c 24 20 75 57 8d 7f 0c 8b 74 24 0c 3b fe 0f 


Register to memory mapping:

EAX=0x00000000 is an unknown value
EBX=0x00000fc7 is an unknown value
ECX=0x244acd80 is an oop
java.lang.String 
 - klass: 'java/lang/String'
EDX=0x0000111a is an unknown value
ESP=0x4eeae7a0 is pointing into the stack for thread: 0x48031000
EBP=0x25180638 is an oop
[Ljava.lang.String; 
 - klass: 'java/lang/String'[]
 - length: 4380
ESI=0x35a4130c is an unknown value
EDI=0x00000fc6 is an unknown value


Stack: [0x4ee60000,0x4eeb0000],  sp=0x4eeae7a0,  free space=313k
Native frames: (J=compiled Java code, j=interpreted, Vv=VM code, C=native code)
J  org.springsource.loaded.ri.ReflectiveInterceptor.getRType(Ljava/lang/Class;)Lorg/springsource/loaded/ReloadableType;


---------------  P R O C E S S  ---------------

Java Threads: ( => current thread )
  0x48032000 JavaThread "http-bio-8080-exec-12" daemon [_thread_blocked, id=4156, stack(0x4f000000,0x4f050000)]
  0x48031c00 JavaThread "http-bio-8080-exec-10" daemon [_thread_blocked, id=4916, stack(0x4ef70000,0x4efc0000)]
  0x48031400 JavaThread "http-bio-8080-exec-9" daemon [_thread_blocked, id=4832, stack(0x4d790000,0x4d7e0000)]
=>0x48031000 JavaThread "http-bio-8080-exec-8" daemon [_thread_in_Java, id=4904, stack(0x4ee60000,0x4eeb0000)]
  0x48030800 JavaThread "http-bio-8080-exec-7" daemon [_thread_blocked, id=4836, stack(0x4dc00000,0x4dc50000)]
  0x47fde000 JavaThread "http-bio-8080-exec-5" daemon [_thread_blocked, id=4880, stack(0x4ed30000,0x4ed80000)]
  0x4a7b3000 JavaThread "http-bio-8080-exec-4" daemon [_thread_blocked, id=4868, stack(0x4ec90000,0x4ece0000)]
  0x4a7b3400 JavaThread "http-bio-8080-exec-3" daemon [_thread_blocked, id=4872, stack(0x4a3b0000,0x4a400000)]
  0x47fdcc00 JavaThread "http-bio-8080-exec-2" daemon [_thread_blocked, id=4764, stack(0x48710000,0x48760000)]
  0x47fdc400 JavaThread "http-bio-8080-exec-1" daemon [_thread_blocked, id=4768, stack(0x4a570000,0x4a5c0000)]
  0x47fdc000 JavaThread "Thread-9" daemon [_thread_blocked, id=4824, stack(0x4a290000,0x4a2e0000)]
  0x47fdb800 JavaThread "http-bio-8080-AsyncTimeout" daemon [_thread_blocked, id=4820, stack(0x4db90000,0x4dbe0000)]
  0x47fdb400 JavaThread "http-bio-8080-Acceptor-0" daemon [_thread_in_native, id=4756, stack(0x44e70000,0x44ec0000)]
  0x47fda400 JavaThread "ContainerBackgroundProcessor[StandardEngine[Tomcat]]" daemon [_thread_blocked, id=4812, stack(0x4dac0000,0x4db10000)]
  0x47fdac00 JavaThread "org.sec.Role.data" daemon [_thread_blocked, id=4268, stack(0x4d690000,0x4d6e0000)]
  0x4a7b3c00 JavaThread "net.sf.ehcache.CacheManager@34472" daemon [_thread_blocked, id=4248, stack(0x4da50000,0x4daa0000)]
  0x4a7b2800 JavaThread "pool-2-thread-5" [_thread_blocked, id=4188, stack(0x4d5e0000,0x4d630000)]
  0x4a7b2000 JavaThread "pool-2-thread-4" [_thread_blocked, id=4192, stack(0x4a330000,0x4a380000)]
  0x4c1a7800 JavaThread "pool-2-thread-3" [_thread_blocked, id=4176, stack(0x4d640000,0x4d690000)]
  0x4c1a7000 JavaThread "pool-2-thread-2" [_thread_blocked, id=3212, stack(0x4a420000,0x4a470000)]
  0x4abd9400 JavaThread "pool-2-thread-1" [_thread_blocked, id=348, stack(0x4a5d0000,0x4a620000)]
  0x4adbd800 JavaThread "pool-1-thread-5" [_thread_blocked, id=6136, stack(0x4d810000,0x4d860000)]
  0x4affe800 JavaThread "pool-1-thread-4" [_thread_blocked, id=6132, stack(0x48610000,0x48660000)]
  0x4bd2c000 JavaThread "pool-1-thread-3" [_thread_blocked, id=6128, stack(0x4d730000,0x4d780000)]
  0x4980fc00 JavaThread "pool-1-thread-2" [_thread_blocked, id=6124, stack(0x486c0000,0x48710000)]
  0x4a907000 JavaThread "pool-1-thread-1" [_thread_blocked, id=6120, stack(0x48860000,0x488b0000)]
  0x4a724c00 JavaThread "FileSystemWatcher: files=#746 cl=java.net.URLClassLoader@b4e449" daemon [_thread_blocked, id=6116, stack(0x487c0000,0x48810000)]
  0x47ac1400 JavaThread "Service Thread" daemon [_thread_blocked, id=5856, stack(0x47eb0000,0x47f00000)]
  0x47ac6800 JavaThread "C2 CompilerThread1" daemon [_thread_blocked, id=5852, stack(0x00860000,0x008b0000)]
  0x47ac5c00 JavaThread "C2 CompilerThread0" daemon [_thread_blocked, id=5848, stack(0x47c70000,0x47cc0000)]
  0x47a7d000 JavaThread "Attach Listener" daemon [_thread_blocked, id=5844, stack(0x47d50000,0x47da0000)]
  0x47a7bc00 JavaThread "Signal Dispatcher" daemon [_thread_blocked, id=5840, stack(0x47cc0000,0x47d10000)]
  0x47a21c00 JavaThread "Finalizer" daemon [_thread_blocked, id=5836, stack(0x47bd0000,0x47c20000)]
  0x017be800 JavaThread "Reference Handler" daemon [_thread_blocked, id=5832, stack(0x44ec0000,0x44f10000)]
  0x001fc400 JavaThread "main" [_thread_blocked, id=5816, stack(0x01670000,0x016c0000)]

Other Threads:
  0x47a18400 VMThread [stack: 0x44e20000,0x44e70000] [id=5828]
  0x47ac1c00 WatcherThread [stack: 0x47e20000,0x47e70000] [id=5860]

VM state:synchronizing (normal execution)

VM Mutex/Monitor currently owned by a thread:  ([mutex/lock_event])
[0x001fa7e8] Safepoint_lock - owner thread: 0x47a18400
[0x001fa850] Threads_lock - owner thread: 0x47a18400
[0x001fac60] Heap_lock - owner thread: 0x47fdc000

Heap
 PSYoungGen      total 40448K, used 40432K [0x349c0000, 0x37300000, 0x449c0000)
  eden space 40384K, 100% used [0x349c0000,0x37130000,0x37130000)
  from space 64K, 75% used [0x372e0000,0x372ec000,0x372f0000)
  to   space 64K, 0% used [0x372f0000,0x372f0000,0x37300000)
 ParOldGen       total 310784K, used 270243K [0x149c0000, 0x27940000, 0x349c0000)
  object space 310784K, 86% used [0x149c0000,0x251a8ee0,0x27940000)
 PSPermGen       total 103808K, used 86335K [0x049c0000, 0x0af20000, 0x149c0000)
  object space 103808K, 83% used [0x049c0000,0x09e0ff30,0x0af20000)

Card table byte_map: [0x449c0000,0x44bd0000] byte_map_base: 0x4499b200

Polling page: 0x00140000

Code Cache  [0x01900000, 0x02138000, 0x04900000)
 total_blobs=2293 nmethods=1863 adapters=381 free_code_cache=41451Kb largest_free_block=41731072

Compilation events (10 events):
Event: 17399.298 Thread 0x47ac6800 2180             net.sf.ehcache.store.compound.Segment$HashIterator::hasNext (13 bytes)
Event: 17399.299 Thread 0x47ac6800 nmethod 2180 0x01ded5c8 code [0x01ded6c0, 0x01ded710]
Event: 18200.568 Thread 0x47ac5c00 2181             org.apache.catalina.core.StandardWrapper::backgroundProcess (45 bytes)
Event: 18200.572 Thread 0x47ac5c00 nmethod 2181 0x01ef4648 code [0x01ef4760, 0x01ef4890]
Event: 25559.402 Thread 0x47ac6800 2182             net.sf.ehcache.store.compound.CompoundStore$HashIterator::hasNext (75 bytes)
Event: 25559.408 Thread 0x47ac6800 nmethod 2182 0x01e97408 code [0x01e97520, 0x01e976fc]
Event: 32188.521 Thread 0x47ac5c00 2183             java.util.regex.Pattern::atom (378 bytes)
Event: 32215.504 Thread 0x47ac5c00 nmethod 2183 0x0200ec48 code [0x0200efa0, 0x0200f91c]
Event: 32215.505 Thread 0x47ac6800   62 %           java.util.regex.Pattern::atom @ 12 (378 bytes)
Event: 32215.528 Thread 0x47ac6800 nmethod 62% 0x01ab3208 code [0x01ab3560, 0x01ab3f94]

GC Heap History (10 events):
Event: 31679.486 GC heap before
{Heap before GC invocations=266 (full 5):
 PSYoungGen      total 40576K, used 40528K [0x349c0000, 0x37300000, 0x449c0000)
  eden space 40512K, 100% used [0x349c0000,0x37150000,0x37150000)
  from space 64K, 25% used [0x372f0000,0x372f4000,0x37300000)
  to   space 64K, 0% used [0x372e0000,0x372e0000,0x372f0000)
 ParOldGen       total 310784K, used 270243K [0x149c0000, 0x27940000, 0x349c0000)
  object space 310784K, 86% used [0x149c0000,0x251a8ee0,0x27940000)
 PSPermGen       total 103808K, used 86334K [0x049c0000, 0x0af20000, 0x149c0000)
  object space 103808K, 83% used [0x049c0000,0x09e0f870,0x0af20000)
Event: 31679.492 GC heap after
Heap after GC invocations=266 (full 5):
 PSYoungGen      total 39808K, used 16K [0x349c0000, 0x37300000, 0x449c0000)
  eden space 39744K, 0% used [0x349c0000,0x349c0000,0x37090000)
  from space 64K, 25% used [0x372e0000,0x372e4000,0x372f0000)
  to   space 64K, 0% used [0x372f0000,0x372f0000,0x37300000)
 ParOldGen       total 310784K, used 270243K [0x149c0000, 0x27940000, 0x349c0000)
  object space 310784K, 86% used [0x149c0000,0x251a8ee0,0x27940000)
 PSPermGen       total 103808K, used 86334K [0x049c0000, 0x0af20000, 0x149c0000)
  object space 103808K, 83% used [0x049c0000,0x09e0f870,0x0af20000)
}
Event: 31801.296 GC heap before
{Heap before GC invocations=267 (full 5):
 PSYoungGen      total 39808K, used 39760K [0x349c0000, 0x37300000, 0x449c0000)
  eden space 39744K, 100% used [0x349c0000,0x37090000,0x37090000)
  from space 64K, 25% used [0x372e0000,0x372e4000,0x372f0000)
  to   space 64K, 0% used [0x372f0000,0x372f0000,0x37300000)
 ParOldGen       total 310784K, used 270243K [0x149c0000, 0x27940000, 0x349c0000)
  object space 310784K, 86% used [0x149c0000,0x251a8ee0,0x27940000)
 PSPermGen       total 103808K, used 86334K [0x049c0000, 0x0af20000, 0x149c0000)
  object space 103808K, 83% used [0x049c0000,0x09e0f870,0x0af20000)
Event: 31801.304 GC heap after
Heap after GC invocations=267 (full 5):
 PSYoungGen      total 39104K, used 16K [0x349c0000, 0x37300000, 0x449c0000)
  eden space 39040K, 0% used [0x349c0000,0x349c0000,0x36fe0000)
  from space 64K, 25% used [0x372f0000,0x372f4000,0x37300000)
  to   space 64K, 0% used [0x372e0000,0x372e0000,0x372f0000)
 ParOldGen       total 310784K, used 270243K [0x149c0000, 0x27940000, 0x349c0000)
  object space 310784K, 86% used [0x149c0000,0x251a8ee0,0x27940000)
 PSPermGen       total 103808K, used 86334K [0x049c0000, 0x0af20000, 0x149c0000)
  object space 103808K, 83% used [0x049c0000,0x09e0f870,0x0af20000)
}
Event: 31922.186 GC heap before
{Heap before GC invocations=268 (full 5):
 PSYoungGen      total 39104K, used 39056K [0x349c0000, 0x37300000, 0x449c0000)
  eden space 39040K, 100% used [0x349c0000,0x36fe0000,0x36fe0000)
  from space 64K, 25% used [0x372f0000,0x372f4000,0x37300000)
  to   space 64K, 0% used [0x372e0000,0x372e0000,0x372f0000)
 ParOldGen       total 310784K, used 270243K [0x149c0000, 0x27940000, 0x349c0000)
  object space 310784K, 86% used [0x149c0000,0x251a8ee0,0x27940000)
 PSPermGen       total 103808K, used 86334K [0x049c0000, 0x0af20000, 0x149c0000)
  object space 103808K, 83% used [0x049c0000,0x09e0f870,0x0af20000)
Event: 31922.193 GC heap after
Heap after GC invocations=268 (full 5):
 PSYoungGen      total 38400K, used 16K [0x349c0000, 0x37300000, 0x449c0000)
  eden space 38336K, 0% used [0x349c0000,0x349c0000,0x36f30000)
  from space 64K, 25% used [0x372e0000,0x372e4000,0x372f0000)
  to   space 64K, 0% used [0x372f0000,0x372f0000,0x37300000)
 ParOldGen       total 310784K, used 270243K [0x149c0000, 0x27940000, 0x349c0000)
  object space 310784K, 86% used [0x149c0000,0x251a8ee0,0x27940000)
 PSPermGen       total 103808K, used 86334K [0x049c0000, 0x0af20000, 0x149c0000)
  object space 103808K, 83% used [0x049c0000,0x09e0f870,0x0af20000)
}
Event: 32042.447 GC heap before
{Heap before GC invocations=269 (full 5):
 PSYoungGen      total 38400K, used 38352K [0x349c0000, 0x37300000, 0x449c0000)
  eden space 38336K, 100% used [0x349c0000,0x36f30000,0x36f30000)
  from space 64K, 25% used [0x372e0000,0x372e4000,0x372f0000)
  to   space 64K, 0% used [0x372f0000,0x372f0000,0x37300000)
 ParOldGen       total 310784K, used 270243K [0x149c0000, 0x27940000, 0x349c0000)
  object space 310784K, 86% used [0x149c0000,0x251a8ee0,0x27940000)
 PSPermGen       total 103808K, used 86334K [0x049c0000, 0x0af20000, 0x149c0000)
  object space 103808K, 83% used [0x049c0000,0x09e0f870,0x0af20000)
Event: 32042.454 GC heap after
Heap after GC invocations=269 (full 5):
 PSYoungGen      total 37696K, used 16K [0x349c0000, 0x37300000, 0x449c0000)
  eden space 37632K, 0% used [0x349c0000,0x349c0000,0x36e80000)
  from space 64K, 25% used [0x372f0000,0x372f4000,0x37300000)
  to   space 64K, 0% used [0x372e0000,0x372e0000,0x372f0000)
 ParOldGen       total 310784K, used 270243K [0x149c0000, 0x27940000, 0x349c0000)
  object space 310784K, 86% used [0x149c0000,0x251a8ee0,0x27940000)
 PSPermGen       total 103808K, used 86334K [0x049c0000, 0x0af20000, 0x149c0000)
  object space 103808K, 83% used [0x049c0000,0x09e0f870,0x0af20000)
}
Event: 32200.405 GC heap before
{Heap before GC invocations=270 (full 5):
 PSYoungGen      total 37696K, used 37648K [0x349c0000, 0x37300000, 0x449c0000)
  eden space 37632K, 100% used [0x349c0000,0x36e80000,0x36e80000)
  from space 64K, 25% used [0x372f0000,0x372f4000,0x37300000)
  to   space 64K, 0% used [0x372e0000,0x372e0000,0x372f0000)
 ParOldGen       total 310784K, used 270243K [0x149c0000, 0x27940000, 0x349c0000)
  object space 310784K, 86% used [0x149c0000,0x251a8ee0,0x27940000)
 PSPermGen       total 103808K, used 86334K [0x049c0000, 0x0af20000, 0x149c0000)
  object space 103808K, 83% used [0x049c0000,0x09e0f870,0x0af20000)
Event: 32215.502 GC heap after
Heap after GC invocations=270 (full 5):
 PSYoungGen      total 40448K, used 48K [0x349c0000, 0x37300000, 0x449c0000)
  eden space 40384K, 0% used [0x349c0000,0x349c0000,0x37130000)
  from space 64K, 75% used [0x372e0000,0x372ec000,0x372f0000)
  to   space 64K, 0% used [0x372f0000,0x372f0000,0x37300000)
 ParOldGen       total 310784K, used 270243K [0x149c0000, 0x27940000, 0x349c0000)
  object space 310784K, 86% used [0x149c0000,0x251a8ee0,0x27940000)
 PSPermGen       total 103808K, used 86334K [0x049c0000, 0x0af20000, 0x149c0000)
  object space 103808K, 83% used [0x049c0000,0x09e0f870,0x0af20000)
}

Deoptimization events (10 events):
Event: 175.759 Thread 0x47fdc400 Uncommon trap -83 fr.pc 0x01ead198
Event: 175.862 Thread 0x47fdc400 Uncommon trap -83 fr.pc 0x01f6a0d4
Event: 32131.374 Thread 0x48031000 Uncommon trap -83 fr.pc 0x0200def8
Event: 32131.395 Thread 0x47fdd000 Uncommon trap -83 fr.pc 0x0200def8
Event: 32131.395 Thread 0x47fde000 Uncommon trap -83 fr.pc 0x0200def8
Event: 32215.841 Thread 0x48031000 Uncommon trap -83 fr.pc 0x01a47b38
Event: 32259.320 Thread 0x48031000 Uncommon trap -83 fr.pc 0x01a566f0
Event: 32259.320 Thread 0x48031000 Uncommon trap -83 fr.pc 0x01d8ac30
Event: 32267.758 Thread 0x48031000 Uncommon trap -83 fr.pc 0x01cc0b04
Event: 32267.759 Thread 0x48031000 Uncommon trap -83 fr.pc 0x01c28ab4

Internal exceptions (10 events):
Event: 231.252 Thread 0x4a7b3000 Threw 0x35043920 at C:\jdk7u2_32P\jdk7u17\hotspot\src\share\vm\prims\jni.cpp:742
Event: 231.295 Thread 0x48031400 Threw 0x350b1460 at C:\jdk7u2_32P\jdk7u17\hotspot\src\share\vm\prims\jni.cpp:742
Event: 236.312 Thread 0x47fdcc00 Threw 0x353bf3f8 at C:\jdk7u2_32P\jdk7u17\hotspot\src\share\vm\prims\jni.cpp:742
Event: 236.318 Thread 0x48030800 Threw 0x35508678 at C:\jdk7u2_32P\jdk7u17\hotspot\src\share\vm\prims\jni.cpp:742
Event: 239.469 Thread 0x4a7b3400 Threw 0x358a7578 at C:\jdk7u2_32P\jdk7u17\hotspot\src\share\vm\prims\jni.cpp:742
Event: 32247.741 Thread 0x48031000 Threw 0x354b9d10 at C:\jdk7u2_32P\jdk7u17\hotspot\src\share\vm\prims\jvm.cpp:1166
Event: 32259.320 Thread 0x48031000 Threw 0x354ba738 at C:\jdk7u2_32P\jdk7u17\hotspot\src\share\vm\prims\jvm.cpp:1166
Event: 32259.320 Thread 0x48031000 Threw 0x354bb5b8 at C:\jdk7u2_32P\jdk7u17\hotspot\src\share\vm\prims\jvm.cpp:1166
Event: 32267.758 Thread 0x48031000 Implicit null exception at 0x01cc088d to 0x01cc0af5
Event: 32267.759 Thread 0x48031000 Implicit null exception at 0x01c2469a to 0x01c28a9d

Events (10 events):
Event: 32259.320 Thread 0x48031000 DEOPT UNPACKING pc=0x0192ddd9 sp=0x4eeae174 mode 2
Event: 32267.758 Executing VM operation: RevokeBias
Event: 32267.759 Executing VM operation: RevokeBias done
Event: 32267.759 Thread 0x48031000 DEOPT PACKING pc=0x01cc0b04 sp=0x4eeae780
Event: 32267.759 Thread 0x48031000 DEOPT UNPACKING pc=0x0192ddd9 sp=0x4eeae704 mode 2
Event: 32267.759 Thread 0x48031000 DEOPT PACKING pc=0x01c28ab4 sp=0x4eeae490
Event: 32267.759 Thread 0x48031000 DEOPT UNPACKING pc=0x0192ddd9 sp=0x4eeae484 mode 2
Event: 32267.930 Executing VM operation: RevokeBias
Event: 32267.930 Executing VM operation: RevokeBias done
Event: 32339.819 Executing VM operation: ParallelGCFailedAllocation


Dynamic libraries:
0x008b0000 - 0x008df000 	C:\Program Files\Java\jdk1.7.0_17\bin\java.exe
0x77a80000 - 0x77bbc000 	C:\Windows\SYSTEM32\ntdll.dll
0x76c10000 - 0x76ce4000 	C:\Windows\system32\kernel32.dll
0x75df0000 - 0x75e3a000 	C:\Windows\system32\KERNELBASE.dll
0x76740000 - 0x767e0000 	C:\Windows\system32\ADVAPI32.dll
0x768f0000 - 0x7699c000 	C:\Windows\system32\msvcrt.dll
0x76890000 - 0x768a9000 	C:\Windows\SYSTEM32\sechost.dll
0x767e0000 - 0x76881000 	C:\Windows\system32\RPCRT4.dll
0x76250000 - 0x76319000 	C:\Windows\system32\USER32.dll
0x75ee0000 - 0x75f2e000 	C:\Windows\system32\GDI32.dll
0x77ca0000 - 0x77caa000 	C:\Windows\system32\LPK.dll
0x76020000 - 0x760bd000 	C:\Windows\system32\USP10.dll
0x748e0000 - 0x74a7e000 	C:\Windows\WinSxS\x86_microsoft.windows.common-controls_6595b64144ccf1df_6.0.7600.16385_none_421189da2b7fabfc\COMCTL32.dll
0x77c40000 - 0x77c97000 	C:\Windows\system32\SHLWAPI.dll
0x76230000 - 0x7624f000 	C:\Windows\system32\IMM32.DLL
0x76370000 - 0x7643c000 	C:\Windows\system32\MSCTF.dll
0x6d2f0000 - 0x6d3ae000 	C:\Program Files\Java\jdk1.7.0_17\jre\bin\msvcr100.dll
0x61720000 - 0x61c54000 	C:\Program Files\Java\jdk1.7.0_17\jre\bin\server\jvm.dll
0x69940000 - 0x69947000 	C:\Windows\system32\WSOCK32.dll
0x768b0000 - 0x768e5000 	C:\Windows\system32\WS2_32.dll
0x75ed0000 - 0x75ed6000 	C:\Windows\system32\NSI.dll
0x73310000 - 0x73342000 	C:\Windows\system32\WINMM.dll
0x76220000 - 0x76225000 	C:\Windows\system32\PSAPI.DLL
0x6da70000 - 0x6da7c000 	C:\Program Files\Java\jdk1.7.0_17\jre\bin\verify.dll
0x6da50000 - 0x6da70000 	C:\Program Files\Java\jdk1.7.0_17\jre\bin\java.dll
0x680a0000 - 0x680c0000 	C:\Program Files\Java\jdk1.7.0_17\jre\bin\instrument.dll
0x6d880000 - 0x6d893000 	C:\Program Files\Java\jdk1.7.0_17\jre\bin\zip.dll
0x756a0000 - 0x756b6000 	C:\Windows\system32\CRYPTSP.dll
0x75440000 - 0x7547b000 	C:\Windows\system32\rsaenh.dll
0x751d0000 - 0x751e7000 	C:\Windows\system32\USERENV.dll
0x75bd0000 - 0x75bdb000 	C:\Windows\system32\profapi.dll
0x75b50000 - 0x75b5c000 	C:\Windows\system32\CRYPTBASE.dll
0x6d290000 - 0x6d2a4000 	C:\Program Files\Java\jdk1.7.0_17\jre\bin\net.dll
0x750f0000 - 0x75103000 	C:\Windows\system32\PrxerDrv.dll
0x75660000 - 0x7569c000 	C:\Windows\system32\mswsock.dll
0x75650000 - 0x75656000 	C:\Windows\System32\wship6.dll
0x73dc0000 - 0x73dd0000 	C:\Windows\system32\NLAapi.dll
0x742e0000 - 0x742e8000 	C:\Windows\System32\winrnr.dll
0x742d0000 - 0x742e0000 	C:\Windows\system32\napinsp.dll
0x74280000 - 0x74292000 	C:\Windows\system32\pnrpnsp.dll
0x70df0000 - 0x70dff000 	C:\Windows\system32\PrxerNsp.dll
0x75520000 - 0x75564000 	C:\Windows\system32\DNSAPI.dll
0x750d0000 - 0x750d5000 	C:\Windows\System32\wshtcpip.dll
0x72fb0000 - 0x72fcc000 	C:\Windows\system32\IPHLPAPI.DLL
0x72fa0000 - 0x72fa7000 	C:\Windows\system32\WINNSI.DLL
0x70de0000 - 0x70de6000 	C:\Windows\system32\rasadhlp.dll
0x72db0000 - 0x72de8000 	C:\Windows\System32\fwpuclnt.dll
0x6d280000 - 0x6d28e000 	C:\Program Files\Java\jdk1.7.0_17\jre\bin\nio.dll
0x47b70000 - 0x47bc4000 	C:\Users\Administrator\AppData\Local\Temp\jna3921404940713866023.dll
0x00220000 - 0x00228000 	C:\Users\Administrator\AppData\Local\Temp\jline_.dll
0x6cb80000 - 0x6cb8a000 	C:\Program Files\Java\jdk1.7.0_17\jre\bin\management.dll

VM Arguments:
jvm_args: -Xmx768M -Xms64M -XX:PermSize=32m -XX:MaxPermSize=256m -Dfile.encoding=UTF-8 -Dserver.port=8080 -Djline.WindowsTerminal.directConsole=false -javaagent:C:/grails-2.2.0/lib/org.springsource.springloaded/springloaded-core/jars/springloaded-core-1.1.1.jar -Xverify:none -Dspringloaded=profile=grails;cacheDir=G:\Users\ADMINI~1/.grails/2.2.0/ -Dprogram.name= -Dgrails.home=C:\grails-2.2.0 -Dgrails.version=2.2.0 -Dbase.dir=. -Dtools.jar=C:\Program Files\Java\jdk1.7.0_17\lib\tools.jar -Dgroovy.starter.conf=C:\grails-2.2.0\conf\groovy-starter.conf 
java_command: org.codehaus.groovy.grails.cli.support.GrailsStarter --main org.codehaus.groovy.grails.cli.support.GrailsStarter --conf C:\grails-2.2.0\conf\groovy-starter.conf --classpath   dev run-app
Launcher Type: SUN_STANDARD

Environment Variables:
JAVA_HOME=C:\Program Files\Java\jdk1.7.0_17
PATH=C:\Windows\system32;C:\Windows;C:\Windows\System32\Wbem;C:\Windows\System32\WindowsPowerShell\v1.0\;C:\Program Files\Bitvise SSH Client;C:\Program Files\Java\jdk1.7.0_17\bin;C:\grails-2.2.0\bin;C:\Program Files\Groovy\Groovy-1.8.5\bin
USERNAME=Administrator
OS=Windows_NT
PROCESSOR_IDENTIFIER=x86 Family 6 Model 23 Stepping 10, GenuineIntel



---------------  S Y S T E M  ---------------

OS: Windows 7 Build 7600 

CPU:total 2 (2 cores per cpu, 1 threads per core) family 6 model 23 stepping 10, cmov, cx8, fxsr, mmx, sse, sse2, sse3, ssse3, tsc

Memory: 4k page, physical 3075028k(1111044k free), swap 6148292k(3848956k free)

vm_info: Java HotSpot(TM) Server VM (23.7-b01) for windows-x86 JRE (1.7.0_17-b02), built on Mar  1 2013 05:01:01 by "java_re" with unknown MS VC++:1600

time: Wed Dec 11 06:51:10 2013
elapsed time: 32392 seconds

